<?xml version="1.0" encoding="UTF-8"?>
<!-- Generated by org.testng.reporters.JUnitXMLReporter -->
<testsuite ignored="0" hostname="DESKTOP-UG71NEM" failures="0" tests="1" name="Test" time="11.322" errors="0" timestamp="2023-11-11T17:07:04 IST">
  <testcase classname="TestCases.BaseClass" name="@BeforeClass setUp" time="11.154">
    <failure type="org.openqa.selenium.SessionNotCreatedException" message="session not created: This version of ChromeDriver only supports Chrome version 114
Current browser version is 119.0.6045.124 with binary path C:\Program Files\Google\Chrome\Application\chrome.exe
Build info: version: &amp;apos;3.141.59&amp;apos;, revision: &amp;apos;e82be7d358&amp;apos;, time: &amp;apos;2018-11-14T08:17:03&amp;apos;
System info: host: &amp;apos;DESKTOP-UG71NEM&amp;apos;, ip: &amp;apos;192.168.0.64&amp;apos;, os.name: &amp;apos;Windows 10&amp;apos;, os.arch: &amp;apos;amd64&amp;apos;, os.version: &amp;apos;10.0&amp;apos;, java.version: &amp;apos;11.0.20&amp;apos;
Driver info: driver.version: ChromeDriver
remote stacktrace: Backtrace:
	GetHandleVerifier [0x0081A813+48355]
	(No symbol) [0x007AC4B1]
	(No symbol) [0x006B5358]
	(No symbol) [0x006D61AC]
	(No symbol) [0x006D1EF3]
	(No symbol) [0x006D0579]
	(No symbol) [0x00700C55]
	(No symbol) [0x0070093C]
	(No symbol) [0x006FA536]
	(No symbol) [0x006D82DC]
	(No symbol) [0x006D93DD]
	GetHandleVerifier [0x00A7AABD+2539405]
	GetHandleVerifier [0x00ABA78F+2800735]
	GetHandleVerifier [0x00AB456C+2775612]
	GetHandleVerifier [0x008A51E0+616112]
	(No symbol) [0x007B5F8C]
	(No symbol) [0x007B2328]
	(No symbol) [0x007B240B]
	(No symbol) [0x007A4FF7]
	BaseThreadInitThunk [0x769F00C9+25]
	RtlGetAppContainerNamedObjectPath [0x77D47B4E+286]
	RtlGetAppContainerNamedObjectPath [0x77D47B1E+238]
">
      <![CDATA[org.openqa.selenium.SessionNotCreatedException: session not created: This version of ChromeDriver only supports Chrome version 114
Current browser version is 119.0.6045.124 with binary path C:\Program Files\Google\Chrome\Application\chrome.exe
Build info: version: '3.141.59', revision: 'e82be7d358', time: '2018-11-14T08:17:03'
System info: host: 'DESKTOP-UG71NEM', ip: '192.168.0.64', os.name: 'Windows 10', os.arch: 'amd64', os.version: '10.0', java.version: '11.0.20'
Driver info: driver.version: ChromeDriver
remote stacktrace: Backtrace:
GetHandleVerifier [0x0081A813+48355]
(No symbol) [0x007AC4B1]
(No symbol) [0x006B5358]
(No symbol) [0x006D61AC]
(No symbol) [0x006D1EF3]
(No symbol) [0x006D0579]
(No symbol) [0x00700C55]
(No symbol) [0x0070093C]
(No symbol) [0x006FA536]
(No symbol) [0x006D82DC]
(No symbol) [0x006D93DD]
GetHandleVerifier [0x00A7AABD+2539405]
GetHandleVerifier [0x00ABA78F+2800735]
GetHandleVerifier [0x00AB456C+2775612]
GetHandleVerifier [0x008A51E0+616112]
(No symbol) [0x007B5F8C]
(No symbol) [0x007B2328]
(No symbol) [0x007B240B]
(No symbol) [0x007A4FF7]
BaseThreadInitThunk [0x769F00C9+25]
RtlGetAppContainerNamedObjectPath [0x77D47B4E+286]
RtlGetAppContainerNamedObjectPath [0x77D47B1E+238]

at org.openqa.selenium.remote.W3CHandshakeResponse.lambda$errorHandler$0(W3CHandshakeResponse.java:62)
at org.openqa.selenium.remote.HandshakeResponse.lambda$getResponseFunction$0(HandshakeResponse.java:30)
at org.openqa.selenium.remote.ProtocolHandshake.lambda$createSession$0(ProtocolHandshake.java:126)
at java.base/java.util.stream.ReferencePipeline$3$1.accept(ReferencePipeline.java:195)
at java.base/java.util.Spliterators$ArraySpliterator.tryAdvance(Spliterators.java:958)
at java.base/java.util.stream.ReferencePipeline.forEachWithCancel(ReferencePipeline.java:127)
at java.base/java.util.stream.AbstractPipeline.copyIntoWithCancel(AbstractPipeline.java:502)
at java.base/java.util.stream.AbstractPipeline.copyInto(AbstractPipeline.java:488)
at java.base/java.util.stream.AbstractPipeline.wrapAndCopyInto(AbstractPipeline.java:474)
at java.base/java.util.stream.FindOps$FindOp.evaluateSequential(FindOps.java:150)
at java.base/java.util.stream.AbstractPipeline.evaluate(AbstractPipeline.java:234)
at java.base/java.util.stream.ReferencePipeline.findFirst(ReferencePipeline.java:543)
at org.openqa.selenium.remote.ProtocolHandshake.createSession(ProtocolHandshake.java:128)
at org.openqa.selenium.remote.ProtocolHandshake.createSession(ProtocolHandshake.java:74)
at org.openqa.selenium.remote.HttpCommandExecutor.execute(HttpCommandExecutor.java:136)
at org.openqa.selenium.remote.service.DriverCommandExecutor.execute(DriverCommandExecutor.java:83)
at org.openqa.selenium.remote.RemoteWebDriver.execute(RemoteWebDriver.java:552)
at org.openqa.selenium.remote.RemoteWebDriver.startSession(RemoteWebDriver.java:213)
at org.openqa.selenium.remote.RemoteWebDriver.<init>(RemoteWebDriver.java:131)
at org.openqa.selenium.chrome.ChromeDriver.<init>(ChromeDriver.java:181)
at org.openqa.selenium.chrome.ChromeDriver.<init>(ChromeDriver.java:168)
at org.openqa.selenium.chrome.ChromeDriver.<init>(ChromeDriver.java:123)
at TestCases.BaseClass.setUp(BaseClass.java:37)
at java.base/java.util.ArrayList.forEach(ArrayList.java:1541)
... Removed 33 stack frames]]>
    </failure>
  </testcase> <!-- @BeforeClass setUp -->
  <testcase classname="TestCases.BaseClass" name="@AfterClass tearUp" time="-1.699702624582E9">
    <skipped/>
  </testcase> <!-- @AfterClass tearUp -->
  <testcase classname="TestCases.TC_01_LoginTest" name="loginTest" time="0.0">
    <skipped/>
  </testcase> <!-- loginTest -->
</testsuite> <!-- Test -->
